Detecting C compiler ABI info failed to compile with the following output:
Change Dir: e:/TinyRender/build/CMakeFiles/CMakeTmp

Run Build Command(s):/usr/bin/make.exe -f Makefile cmTC_c3631/fast && /usr/bin/make  -f CMakeFiles/cmTC_c3631.dir/build.make CMakeFiles/cmTC_c3631.dir/build
make[1]: Entering directory '/cygdrive/e/TinyRender/build/CMakeFiles/CMakeTmp'
Building C object CMakeFiles/cmTC_c3631.dir/CMakeCCompilerABI.c.o
e:/LLVM/bin/clang.exe    -o CMakeFiles/cmTC_c3631.dir/CMakeCCompilerABI.c.o -c /usr/share/cmake-3.20.0/Modules/CMakeCCompilerABI.c
clang: error: no such file or directory: '/usr/share/cmake-3.20.0/Modules/CMakeCCompilerABI.c'
clang: error: no input files
make[1]: *** [CMakeFiles/cmTC_c3631.dir/build.make:78: CMakeFiles/cmTC_c3631.dir/CMakeCCompilerABI.c.o] Error 1
make[1]: Leaving directory '/cygdrive/e/TinyRender/build/CMakeFiles/CMakeTmp'
make: *** [Makefile:127: cmTC_c3631/fast] Error 2




Determining if the C compiler works failed with the following output:
Change Dir: e:/TinyRender/build/CMakeFiles/CMakeTmp

Run Build Command(s):/usr/bin/make.exe -f Makefile cmTC_bea85/fast && /usr/bin/make  -f CMakeFiles/cmTC_bea85.dir/build.make CMakeFiles/cmTC_bea85.dir/build
make[1]: Entering directory '/cygdrive/e/TinyRender/build/CMakeFiles/CMakeTmp'
Building C object CMakeFiles/cmTC_bea85.dir/testCCompiler.c.o
e:/LLVM/bin/clang.exe    -o CMakeFiles/cmTC_bea85.dir/testCCompiler.c.o -c e:/TinyRender/build/CMakeFiles/CMakeTmp/testCCompiler.c
Linking C executable cmTC_bea85.exe
/usr/bin/cmake.exe -E cmake_link_script CMakeFiles/cmTC_bea85.dir/link.txt --verbose=1
e:/LLVM/bin/clang.exe -Wl,--enable-auto-import  CMakeFiles/cmTC_bea85.dir/testCCompiler.c.o -o cmTC_bea85.exe -Wl,--out-implib,libcmTC_bea85.dll.a -Wl,--major-image-version,0,--minor-image-version,0 
LINK : warning LNK4044: 无法识别的选项“/-enable-auto-import”；已忽略
LINK : warning LNK4044: 无法识别的选项“/-out-implib”；已忽略
LINK : warning LNK4044: 无法识别的选项“/-major-image-version”；已忽略
LINK : warning LNK4044: 无法识别的选项“/-minor-image-version”；已忽略
LINK : fatal error LNK1181: 无法打开输入文件“libcmTC_bea85.dll.a”
clang: error: linker command failed with exit code 1181 (use -v to see invocation)
make[1]: *** [CMakeFiles/cmTC_bea85.dir/build.make:99: cmTC_bea85.exe] Error 157
make[1]: Leaving directory '/cygdrive/e/TinyRender/build/CMakeFiles/CMakeTmp'
make: *** [Makefile:127: cmTC_bea85/fast] Error 2



Detecting C compiler ABI info failed to compile with the following output:
Change Dir: e:/TinyRender/build/CMakeFiles/CMakeTmp

Run Build Command(s):/usr/bin/make.exe -f Makefile cmTC_6609e/fast && /usr/bin/make  -f CMakeFiles/cmTC_6609e.dir/build.make CMakeFiles/cmTC_6609e.dir/build
make[1]: Entering directory '/cygdrive/e/TinyRender/build/CMakeFiles/CMakeTmp'
Building C object CMakeFiles/cmTC_6609e.dir/CMakeCCompilerABI.c.o
e:/LLVM/bin/clang.exe    -o CMakeFiles/cmTC_6609e.dir/CMakeCCompilerABI.c.o -c /usr/share/cmake-3.20.0/Modules/CMakeCCompilerABI.c
clang: error: no such file or directory: '/usr/share/cmake-3.20.0/Modules/CMakeCCompilerABI.c'
clang: error: no input files
make[1]: *** [CMakeFiles/cmTC_6609e.dir/build.make:78: CMakeFiles/cmTC_6609e.dir/CMakeCCompilerABI.c.o] Error 1
make[1]: Leaving directory '/cygdrive/e/TinyRender/build/CMakeFiles/CMakeTmp'
make: *** [Makefile:127: cmTC_6609e/fast] Error 2




Determining if the C compiler works failed with the following output:
Change Dir: e:/TinyRender/build/CMakeFiles/CMakeTmp

Run Build Command(s):/usr/bin/make.exe -f Makefile cmTC_69dc8/fast && /usr/bin/make  -f CMakeFiles/cmTC_69dc8.dir/build.make CMakeFiles/cmTC_69dc8.dir/build
make[1]: Entering directory '/cygdrive/e/TinyRender/build/CMakeFiles/CMakeTmp'
Building C object CMakeFiles/cmTC_69dc8.dir/testCCompiler.c.o
e:/LLVM/bin/clang.exe    -o CMakeFiles/cmTC_69dc8.dir/testCCompiler.c.o -c e:/TinyRender/build/CMakeFiles/CMakeTmp/testCCompiler.c
Linking C executable cmTC_69dc8.exe
/usr/bin/cmake.exe -E cmake_link_script CMakeFiles/cmTC_69dc8.dir/link.txt --verbose=1
e:/LLVM/bin/clang.exe -Wl,--enable-auto-import  CMakeFiles/cmTC_69dc8.dir/testCCompiler.c.o -o cmTC_69dc8.exe -Wl,--out-implib,libcmTC_69dc8.dll.a -Wl,--major-image-version,0,--minor-image-version,0 
LINK : warning LNK4044: 无法识别的选项“/-enable-auto-import”；已忽略
LINK : warning LNK4044: 无法识别的选项“/-out-implib”；已忽略
LINK : warning LNK4044: 无法识别的选项“/-major-image-version”；已忽略
LINK : warning LNK4044: 无法识别的选项“/-minor-image-version”；已忽略
LINK : fatal error LNK1181: 无法打开输入文件“libcmTC_69dc8.dll.a”
clang: error: linker command failed with exit code 1181 (use -v to see invocation)
make[1]: *** [CMakeFiles/cmTC_69dc8.dir/build.make:99: cmTC_69dc8.exe] Error 157
make[1]: Leaving directory '/cygdrive/e/TinyRender/build/CMakeFiles/CMakeTmp'
make: *** [Makefile:127: cmTC_69dc8/fast] Error 2



